<?xml version="1.0" encoding="UTF-8"?>
<!-- Generated by org.testng.reporters.JUnitReportReporter -->
<testsuite hostname="Vignesh" failures="0" tests="7" name="com.sakshi.testscript.Login" time="33.792" errors="0" timestamp="2023-01-21T18:14:39 IST" skipped="0">
  <testcase classname="com.sakshi.testscript.Login" name="emptypwdCheck" time="4.449"/>
  <system-out>
    <![CDATA[123456
avbghhjs]]>
  </system-out>
  <testcase classname="com.sakshi.testscript.Login" name="emptyUsnCheck" time="3.427"/>
  <system-out/>
  <testcase classname="com.sakshi.testscript.Login" name="placeHolderCheck" time="3.277"/>
  <system-out/>
  <testcase classname="com.sakshi.testscript.Login" name="emptyUsnPwdCheck" time="3.503"/>
  <system-out/>
  <testcase classname="com.sakshi.testscript.Login" name="isSorted" time="9.857"/>
  <system-out/>
  <testcase classname="com.sakshi.testscript.Login" name="isSelected" time="3.197"/>
  <system-out/>
  <testcase classname="com.sakshi.testscript.Login" name="ischecked" time="6.082"/>
  <system-out/>
</testsuite> <!-- com.sakshi.testscript.Login -->
